\BOOKMARK [0][-]{chapter.1}{Preface}{}% 1
\BOOKMARK [1][-]{section.1.1}{Welcome\040from\040Jason\040van\040Zyl}{chapter.1}% 2
\BOOKMARK [1][-]{section.1.2}{Who\040is\040this\040book\040for?}{chapter.1}% 3
\BOOKMARK [1][-]{section.1.3}{How\040to\040read\040this\040book}{chapter.1}% 4
\BOOKMARK [1][-]{section.1.4}{How\040to\040Contact\040Takari}{chapter.1}% 5
\BOOKMARK [2][-]{subsection.1.4.1}{Takari\040Maven\040Training}{section.1.4}% 6
\BOOKMARK [2][-]{subsection.1.4.2}{Takari\040Subscription}{section.1.4}% 7
\BOOKMARK [1][-]{section.1.5}{Acknowledgements}{chapter.1}% 8
\BOOKMARK [0][-]{chapter.2}{Introduction}{}% 9
\BOOKMARK [1][-]{section.2.1}{What\040is\040TEAM?}{chapter.2}% 10
\BOOKMARK [2][-]{subsection.2.1.1}{TEAM:\040Advanced\040Use\040Cases\040for\040Maven}{section.2.1}% 11
\BOOKMARK [2][-]{subsection.2.1.2}{What\040is\040Takari?}{section.2.1}% 12
\BOOKMARK [2][-]{subsection.2.1.3}{Sustainable\040Open\040Source\040Development}{section.2.1}% 13
\BOOKMARK [2][-]{subsection.2.1.4}{Integrity\040and\040Authenticity}{section.2.1}% 14
\BOOKMARK [2][-]{subsection.2.1.5}{Our\040Customers\040are\040Our\040Investors}{section.2.1}% 15
\BOOKMARK [2][-]{subsection.2.1.6}{Community\040Support\040is\040Key}{section.2.1}% 16
\BOOKMARK [1][-]{section.2.2}{Evolving\040Challenges\040-\040Builds\040at\040Scale}{chapter.2}% 17
\BOOKMARK [2][-]{subsection.2.2.1}{Changing\040Technology\040-\040Changing\040Conventions}{section.2.2}% 18
\BOOKMARK [2][-]{subsection.2.2.2}{Faster\040Lifecycles:\040More\040Frequent\040Releases}{section.2.2}% 19
\BOOKMARK [0][-]{chapter.3}{Installing\040TEAM}{}% 20
\BOOKMARK [1][-]{section.3.1}{Assumptions}{chapter.3}% 21
\BOOKMARK [1][-]{section.3.2}{Prerequisites}{chapter.3}% 22
\BOOKMARK [1][-]{section.3.3}{Downloading\040TEAM}{chapter.3}% 23
\BOOKMARK [1][-]{section.3.4}{Installing\040TEAM}{chapter.3}% 24
\BOOKMARK [2][-]{subsection.3.4.1}{Installing\040a\040TEAM\040Distribution}{section.3.4}% 25
\BOOKMARK [2][-]{subsection.3.4.2}{Upgrading\040an\040Existing\040Apache\040Maven\040Installation}{section.3.4}% 26
\BOOKMARK [1][-]{section.3.5}{Verifying\040your\040TEAM\040Installation}{chapter.3}% 27
\BOOKMARK [0][-]{chapter.4}{The\040Takari\040Lifecycle}{}% 28
\BOOKMARK [1][-]{section.4.1}{Overview}{chapter.4}% 29
\BOOKMARK [1][-]{section.4.2}{Activating\040the\040Lifecycle}{chapter.4}% 30
\BOOKMARK [1][-]{section.4.3}{Observing\040the\040Takari\040Lifecycle\040on\040the\040Log}{chapter.4}% 31
\BOOKMARK [1][-]{section.4.4}{Configuring\040Resource\040Filtering\040and\040Processing}{chapter.4}% 32
\BOOKMARK [1][-]{section.4.5}{Compiler\040Configuration}{chapter.4}% 33
\BOOKMARK [1][-]{section.4.6}{Packaging\040jars\040Archives}{chapter.4}% 34
\BOOKMARK [1][-]{section.4.7}{Installing\040and\040Deploying\040Artifacts}{chapter.4}% 35
\BOOKMARK [1][-]{section.4.8}{Installing\040M2e\040Integration}{chapter.4}% 36
\BOOKMARK [0][-]{chapter.5}{Generations}{}% 37
\BOOKMARK [0][-]{chapter.6}{Appendix}{}% 38
\BOOKMARK [1][-]{section.6.1}{Book\040License\040-\040Creative\040Commons}{chapter.6}% 39
